A51 MACRO ASSEMBLER  USER_FUNCTION                                                        06/08/2019 20:51:41 PAGE     1


MACRO ASSEMBLER A51 V8.02b
OBJECT MODULE PLACED IN .\Output\USER_Function.obj
ASSEMBLER INVOKED BY: D:\Program Files_X64\Keil\C51\BIN\A51.EXE ..\USER\INC\USER_Function.asm SET(SMALL) DEBUG PRINT(.\L
                      isting\USER_Function.lst) OBJECT(.\Output\USER_Function.obj) EP

LOC  OBJ            LINE     SOURCE

                       1     
                       2     NAME USER_DEFINED_FUNCTION      ;Êú¨Ê®°ÂùóÂêçÔºöUSER_DEFINED_FUNCTION
                       3     
                       4     USER_FUN_CODE SEGMENT CODE    ;ÂÆö‰πâÂèØÈáçÂÆö‰ΩçÊÆµ
----                   5     RSEG USER_FUN_CODE            ;ÈÄâÊã©ÂèØÂèØÈáçÂÆö‰ΩçÊÆµ  
                       6     
                       7     
  00A0                 8     OE BIT P2.0     ;Output Eable Êï∞ÊçÆËæìÂá∫‰ΩøËÉΩÁ´ØÔºàÊï∞ÊçÆÈîÅÂ≠òÂô®ÊâìÂºÄÔºâ
  00A1                 9     EOC  BIT P2.1   ;ADCËΩ¨Êç¢ÁªìÊùüÊ†áÂøó‰ΩçFlag--ÔºàEnd Of ConvertÔºâ
  00A2                10     ADC_ALE BIT P2.2    ;ËæìÂÖ•ÈÄöÈÅìÂú∞ÂùÄÈîÅÂ≠òÂô®ÈîÅÂ≠òÔºàAdress Lock EableÔºâ
  00A3                11     START BIT P2.3      ;ËΩ¨Êç¢ÂºÄÂßãËÑâÂÜ≤ËæìÂÖ•Á´ØÔºà‰∏äÂçáÊ≤øÂºÄÂßãÊ∏ÖÈõ∂Ôºå‰∏ãÈôçÊ≤øÂêØÂä®A
                             DCËΩ¨Êç¢Ôºâ
                      12     
                      13     
  0070                14     INTE_value DATA 70H
  0071                15     DECI_value1 DATA 71H
  0072                16     DECI_value2 DATA 72H
  0073                17     ADC_DATA DATA 73H
                      18     
                      19     PUBLIC ADC_init,ADC_read,INTE_value,DECI_value1,DECI_value2    ;ADC0808Â§ñÈÉ®ËΩØ‰ª∂Êé•Âè£ÂÆ
                             ö‰πâÂ£∞Êòé
                      20     
                      21     
                      22     
0000 C0E0             23     ADC_init:   PUSH ACC
0002 E4               24             CLR A
0003 F570             25             MOV INTE_value,A    ;Ê∏ÖÈõ∂Êìç‰Ωú
0005 F571             26             MOV DECI_value1,A     ;Ê∏ÖÈõ∂Êìç‰Ωú
0007 F572             27             MOV DECI_value2,A     ;Ê∏ÖÈõ∂Êìç‰Ωú
0009 C2A1             28             CLR EOC
000B C2A0             29             CLR OE
000D C2A2             30             CLR ADC_ALE
000F 00               31             NOP
0010 D2A2             32             SETB ADC_ALE
0012 00               33             NOP
0013 C2A2             34             CLR ADC_ALE
0015 00               35             NOP
0016 D0E0             36             POP ACC
0018 22               37         RET
                      38     
                      39     
0019 C0E0             40     ADC_read:   PUSH ACC
001B C2A3             41             CLR START
001D 00               42             NOP
001E D2A3             43             SETB START
0020 00               44             NOP
0021 C2A3             45             CLR START
0023 00               46             NOP
0024 D2A1             47             SETB EOC
0026 30A1FD           48       WAIT: JNB EOC,WAIT
0029 7580FF           49             MOV P0,#0FFH
002C D2A0             50             SETB OE
002E 7580FF           51             MOV P0,#0FFH
0031 E580             52             MOV A,P0
0033 C2A0             53             CLR OE
0035 F573             54             MOV ADC_DATA,A
0037 120000   F       55             LCALL DATA_Conversion
A51 MACRO ASSEMBLER  USER_FUNCTION                                                        06/08/2019 20:51:41 PAGE     2

003A D0E0             56             POP ACC
003C 22               57         RET
                      58     
                      59        
003D C0E0             60     DATA_Conversion:   PUSH ACC
003F E573             61             MOV A,ADC_DATA
0041 75F033           62             MOV B,#51
0044 84               63             DIV AB
0045 F570             64             MOV INTE_value,A
0047 C5F0             65             XCH A,B
0049 75F005           66             MOV B,#5
004C 84               67             DIV AB
004D F571             68             MOV DECI_value1,A
004F C5F0             69             XCH A,B
0051 75F002           70             MOV B,#2    ;Èô§‰ª•0.5Âç≥‰πò‰ª•2
0054 A4               71             MUL AB
0055 F572             72             MOV DECI_value2,A
0057 D0E0             73             POP ACC
0059 22               74         RET
                      75         
                      76     END
A51 MACRO ASSEMBLER  USER_FUNCTION                                                        06/08/2019 20:51:41 PAGE     3

SYMBOL TABLE LISTING
------ ----- -------


N A M E                T Y P E  V A L U E   ATTRIBUTES

ACC . . . . . . . . .  D ADDR   00E0H   A   
ADC_ALE . . . . . . .  B ADDR   00A0H.2 A   
ADC_DATA. . . . . . .  D ADDR   0073H   A   
ADC_INIT. . . . . . .  C ADDR   0000H   R   SEG=USER_FUN_CODE
ADC_READ. . . . . . .  C ADDR   0019H   R   SEG=USER_FUN_CODE
B . . . . . . . . . .  D ADDR   00F0H   A   
DATA_CONVERSION . . .  C ADDR   003DH   R   SEG=USER_FUN_CODE
DECI_VALUE1 . . . . .  D ADDR   0071H   A   
DECI_VALUE2 . . . . .  D ADDR   0072H   A   
EOC . . . . . . . . .  B ADDR   00A0H.1 A   
INTE_VALUE. . . . . .  D ADDR   0070H   A   
OE. . . . . . . . . .  B ADDR   00A0H.0 A   
P0. . . . . . . . . .  D ADDR   0080H   A   
P2. . . . . . . . . .  D ADDR   00A0H   A   
START . . . . . . . .  B ADDR   00A0H.3 A   
USER_DEFINED_FUNCTION  N NUMB   -----       
USER_FUN_CODE . . . .  C SEG    005AH       REL=UNIT
WAIT. . . . . . . . .  C ADDR   0026H   R   SEG=USER_FUN_CODE


REGISTER BANK(S) USED: 0 


ASSEMBLY COMPLETE.  0 WARNING(S), 0 ERROR(S)
